<?xml version="1.0" encoding="UTF-8"?>
<!-- Generated by org.testng.reporters.JUnitXMLReporter -->
<testsuite ignored="0" hostname="LAPTOP-CU78B49A" failures="1" tests="4" name="Test" time="0.126" errors="0" timestamp="2020-06-13T03:39:11 IST">
  <testcase classname="com.akbr.testngpractice.DProvider2" name="Diff" time="0.018"/>
  <testcase classname="com.akbr.testngpractice.DProvider2" name="Diff" time="0.003"/>
  <testcase classname="com.akbr.testngpractice.DProvider2" name="Sum" time="0.002"/>
  <testcase classname="com.akbr.testngpractice.DProvider2" name="Sum" time="0.004">
    <failure type="java.lang.AssertionError" message="expected [12] but found [9]">
      <![CDATA[java.lang.AssertionError: expected [12] but found [9]
at com.akbr.testngpractice.DProvider2.Sum(DProvider2.java:25)
at java.base/java.util.ArrayList.forEach(ArrayList.java:1540)
... Removed 32 stack frames]]>
    </failure>
  </testcase> <!-- Sum -->
</testsuite> <!-- Test -->
